C:\Users\Marco\Documents\Visual Studio 2010\Projects\Xbox360\pcsxr-360-2.1.1a-src\360\Xdk\core\Release_LTCG\cdriso.obj
C:\Users\Marco\Documents\Visual Studio 2010\Projects\Xbox360\pcsxr-360-2.1.1a-src\360\Xdk\core\Release_LTCG\cdrom.obj
C:\Users\Marco\Documents\Visual Studio 2010\Projects\Xbox360\pcsxr-360-2.1.1a-src\360\Xdk\core\Release_LTCG\cheat.obj
C:\Users\Marco\Documents\Visual Studio 2010\Projects\Xbox360\pcsxr-360-2.1.1a-src\360\Xdk\core\Release_LTCG\CL.1656.read.1.tlog
C:\Users\Marco\Documents\Visual Studio 2010\Projects\Xbox360\pcsxr-360-2.1.1a-src\360\Xdk\core\Release_LTCG\CL.1656.write.1.tlog
C:\Users\Marco\Documents\Visual Studio 2010\Projects\Xbox360\pcsxr-360-2.1.1a-src\360\Xdk\core\Release_LTCG\CL.5080.read.1.tlog
C:\Users\Marco\Documents\Visual Studio 2010\Projects\Xbox360\pcsxr-360-2.1.1a-src\360\Xdk\core\Release_LTCG\CL.5080.write.1.tlog
C:\Users\Marco\Documents\Visual Studio 2010\Projects\Xbox360\pcsxr-360-2.1.1a-src\360\Xdk\core\Release_LTCG\CL.5576.read.1.tlog
C:\Users\Marco\Documents\Visual Studio 2010\Projects\Xbox360\pcsxr-360-2.1.1a-src\360\Xdk\core\Release_LTCG\CL.5576.write.1.tlog
C:\Users\Marco\Documents\Visual Studio 2010\Projects\Xbox360\pcsxr-360-2.1.1a-src\360\Xdk\core\Release_LTCG\CL.6256.read.1.tlog
C:\Users\Marco\Documents\Visual Studio 2010\Projects\Xbox360\pcsxr-360-2.1.1a-src\360\Xdk\core\Release_LTCG\CL.6256.write.1.tlog
C:\Users\Marco\Documents\Visual Studio 2010\Projects\Xbox360\pcsxr-360-2.1.1a-src\360\Xdk\core\Release_LTCG\cl.command.1.tlog
C:\Users\Marco\Documents\Visual Studio 2010\Projects\Xbox360\pcsxr-360-2.1.1a-src\360\Xdk\core\Release_LTCG\CL.read.1.tlog
C:\Users\Marco\Documents\Visual Studio 2010\Projects\Xbox360\pcsxr-360-2.1.1a-src\360\Xdk\core\Release_LTCG\cl.write.1.tlog
C:\USERS\MARCO\DOCUMENTS\VISUAL STUDIO 2010\PROJECTS\XBOX360\PCSXR-360-2.1.1A-SRC\360\XDK\CORE\RELEASE_LTCG\CORE.LIB
C:\Users\Marco\Documents\Visual Studio 2010\Projects\Xbox360\pcsxr-360-2.1.1a-src\360\Xdk\core\Release_LTCG\core.vcxprojResolveAssemblyReference.cache
C:\Users\Marco\Documents\Visual Studio 2010\Projects\Xbox360\pcsxr-360-2.1.1a-src\360\Xdk\core\Release_LTCG\core.write.1.tlog
C:\Users\Marco\Documents\Visual Studio 2010\Projects\Xbox360\pcsxr-360-2.1.1a-src\360\Xdk\core\Release_LTCG\debug.obj
C:\Users\Marco\Documents\Visual Studio 2010\Projects\Xbox360\pcsxr-360-2.1.1a-src\360\Xdk\core\Release_LTCG\decode_xa.obj
C:\Users\Marco\Documents\Visual Studio 2010\Projects\Xbox360\pcsxr-360-2.1.1a-src\360\Xdk\core\Release_LTCG\disr3000a.obj
C:\USERS\MARCO\DOCUMENTS\VISUAL STUDIO 2010\PROJECTS\XBOX360\PCSXR-360-2.1.1A-SRC\360\XDK\CORE\RELEASE_LTCG\GPU.OBJ
C:\Users\Marco\Documents\Visual Studio 2010\Projects\Xbox360\pcsxr-360-2.1.1a-src\360\Xdk\core\Release_LTCG\gte.obj
C:\Users\Marco\Documents\Visual Studio 2010\Projects\Xbox360\pcsxr-360-2.1.1a-src\360\Xdk\core\Release_LTCG\gte_divider.obj
C:\Users\Marco\Documents\Visual Studio 2010\Projects\Xbox360\pcsxr-360-2.1.1a-src\360\Xdk\core\Release_LTCG\lib.command.1.tlog
C:\Users\Marco\Documents\Visual Studio 2010\Projects\Xbox360\pcsxr-360-2.1.1a-src\360\Xdk\core\Release_LTCG\Lib-link.read.1.tlog
C:\Users\Marco\Documents\Visual Studio 2010\Projects\Xbox360\pcsxr-360-2.1.1a-src\360\Xdk\core\Release_LTCG\Lib-link.write.1.tlog
C:\Users\Marco\Documents\Visual Studio 2010\Projects\Xbox360\pcsxr-360-2.1.1a-src\360\Xdk\core\Release_LTCG\mdec.obj
C:\Users\Marco\Documents\Visual Studio 2010\Projects\Xbox360\pcsxr-360-2.1.1a-src\360\Xdk\core\Release_LTCG\misc.obj
C:\Users\Marco\Documents\Visual Studio 2010\Projects\Xbox360\pcsxr-360-2.1.1a-src\360\Xdk\core\Release_LTCG\plugins.obj
C:\USERS\MARCO\DOCUMENTS\VISUAL STUDIO 2010\PROJECTS\XBOX360\PCSXR-360-2.1.1A-SRC\360\XDK\CORE\RELEASE_LTCG\PPC.OBJ
C:\Users\Marco\Documents\Visual Studio 2010\Projects\Xbox360\pcsxr-360-2.1.1a-src\360\Xdk\core\Release_LTCG\ppc_dyn.obj
C:\Users\Marco\Documents\Visual Studio 2010\Projects\Xbox360\pcsxr-360-2.1.1a-src\360\Xdk\core\Release_LTCG\ppf.obj
C:\Users\Marco\Documents\Visual Studio 2010\Projects\Xbox360\pcsxr-360-2.1.1a-src\360\Xdk\core\Release_LTCG\pR3000A.obj
C:\Users\Marco\Documents\Visual Studio 2010\Projects\Xbox360\pcsxr-360-2.1.1a-src\360\Xdk\core\Release_LTCG\psxbios.obj
C:\Users\Marco\Documents\Visual Studio 2010\Projects\Xbox360\pcsxr-360-2.1.1a-src\360\Xdk\core\Release_LTCG\psxcommon.obj
C:\Users\Marco\Documents\Visual Studio 2010\Projects\Xbox360\pcsxr-360-2.1.1a-src\360\Xdk\core\Release_LTCG\psxcounters.obj
C:\Users\Marco\Documents\Visual Studio 2010\Projects\Xbox360\pcsxr-360-2.1.1a-src\360\Xdk\core\Release_LTCG\psxdma.obj
C:\Users\Marco\Documents\Visual Studio 2010\Projects\Xbox360\pcsxr-360-2.1.1a-src\360\Xdk\core\Release_LTCG\psxhle.obj
C:\Users\Marco\Documents\Visual Studio 2010\Projects\Xbox360\pcsxr-360-2.1.1a-src\360\Xdk\core\Release_LTCG\psxhw.obj
C:\Users\Marco\Documents\Visual Studio 2010\Projects\Xbox360\pcsxr-360-2.1.1a-src\360\Xdk\core\Release_LTCG\psxinterpreter.obj
C:\Users\Marco\Documents\Visual Studio 2010\Projects\Xbox360\pcsxr-360-2.1.1a-src\360\Xdk\core\Release_LTCG\psxmem.obj
C:\Users\Marco\Documents\Visual Studio 2010\Projects\Xbox360\pcsxr-360-2.1.1a-src\360\Xdk\core\Release_LTCG\psxvm.obj
C:\Users\Marco\Documents\Visual Studio 2010\Projects\Xbox360\pcsxr-360-2.1.1a-src\360\Xdk\core\Release_LTCG\r3000a.obj
C:\Users\Marco\Documents\Visual Studio 2010\Projects\Xbox360\pcsxr-360-2.1.1a-src\360\Xdk\core\Release_LTCG\reguse.obj
C:\Users\Marco\Documents\Visual Studio 2010\Projects\Xbox360\pcsxr-360-2.1.1a-src\360\Xdk\core\Release_LTCG\sio.obj
C:\Users\Marco\Documents\Visual Studio 2010\Projects\Xbox360\pcsxr-360-2.1.1a-src\360\Xdk\core\Release_LTCG\socket.obj
C:\Users\Marco\Documents\Visual Studio 2010\Projects\Xbox360\pcsxr-360-2.1.1a-src\360\Xdk\core\Release_LTCG\spu.obj
C:\USERS\MARCO\DOCUMENTS\VISUAL STUDIO 2010\PROJECTS\XBOX360\PCSXR-360-2.1.1A-SRC\360\XDK\CORE\RELEASE_LTCG\VC100.PDB
