C:\Users\Marco\Documents\Visual Studio 2010\Projects\Xbox360\pcsxr-360-2.1.1a-src\360\Xdk\video\Release_LTCG\cfg.obj
C:\Users\Marco\Documents\Visual Studio 2010\Projects\Xbox360\pcsxr-360-2.1.1a-src\360\Xdk\video\Release_LTCG\CL.2676.read.1.tlog
C:\Users\Marco\Documents\Visual Studio 2010\Projects\Xbox360\pcsxr-360-2.1.1a-src\360\Xdk\video\Release_LTCG\CL.2676.write.1.tlog
C:\Users\Marco\Documents\Visual Studio 2010\Projects\Xbox360\pcsxr-360-2.1.1a-src\360\Xdk\video\Release_LTCG\CL.3180.read.1.tlog
C:\Users\Marco\Documents\Visual Studio 2010\Projects\Xbox360\pcsxr-360-2.1.1a-src\360\Xdk\video\Release_LTCG\CL.3180.write.1.tlog
C:\Users\Marco\Documents\Visual Studio 2010\Projects\Xbox360\pcsxr-360-2.1.1a-src\360\Xdk\video\Release_LTCG\CL.4084.read.1.tlog
C:\Users\Marco\Documents\Visual Studio 2010\Projects\Xbox360\pcsxr-360-2.1.1a-src\360\Xdk\video\Release_LTCG\CL.4084.write.1.tlog
C:\Users\Marco\Documents\Visual Studio 2010\Projects\Xbox360\pcsxr-360-2.1.1a-src\360\Xdk\video\Release_LTCG\CL.5092.read.1.tlog
C:\Users\Marco\Documents\Visual Studio 2010\Projects\Xbox360\pcsxr-360-2.1.1a-src\360\Xdk\video\Release_LTCG\CL.5092.write.1.tlog
C:\Users\Marco\Documents\Visual Studio 2010\Projects\Xbox360\pcsxr-360-2.1.1a-src\360\Xdk\video\Release_LTCG\cl.command.1.tlog
C:\Users\Marco\Documents\Visual Studio 2010\Projects\Xbox360\pcsxr-360-2.1.1a-src\360\Xdk\video\Release_LTCG\CL.read.1.tlog
C:\Users\Marco\Documents\Visual Studio 2010\Projects\Xbox360\pcsxr-360-2.1.1a-src\360\Xdk\video\Release_LTCG\cl.write.1.tlog
C:\USERS\MARCO\DOCUMENTS\VISUAL STUDIO 2010\PROJECTS\XBOX360\PCSXR-360-2.1.1A-SRC\360\XDK\VIDEO\RELEASE_LTCG\DRAW_OK.OBJ
C:\Users\Marco\Documents\Visual Studio 2010\Projects\Xbox360\pcsxr-360-2.1.1a-src\360\Xdk\video\Release_LTCG\fps.obj
C:\Users\Marco\Documents\Visual Studio 2010\Projects\Xbox360\pcsxr-360-2.1.1a-src\360\Xdk\video\Release_LTCG\gpu.obj
C:\Users\Marco\Documents\Visual Studio 2010\Projects\Xbox360\pcsxr-360-2.1.1a-src\360\Xdk\video\Release_LTCG\key.obj
C:\Users\Marco\Documents\Visual Studio 2010\Projects\Xbox360\pcsxr-360-2.1.1a-src\360\Xdk\video\Release_LTCG\lib.command.1.tlog
C:\Users\Marco\Documents\Visual Studio 2010\Projects\Xbox360\pcsxr-360-2.1.1a-src\360\Xdk\video\Release_LTCG\Lib-link.read.1.tlog
C:\Users\Marco\Documents\Visual Studio 2010\Projects\Xbox360\pcsxr-360-2.1.1a-src\360\Xdk\video\Release_LTCG\Lib-link.write.1.tlog
C:\Users\Marco\Documents\Visual Studio 2010\Projects\Xbox360\pcsxr-360-2.1.1a-src\360\Xdk\video\Release_LTCG\menu.obj
C:\Users\Marco\Documents\Visual Studio 2010\Projects\Xbox360\pcsxr-360-2.1.1a-src\360\Xdk\video\Release_LTCG\prim.obj
C:\Users\Marco\Documents\Visual Studio 2010\Projects\Xbox360\pcsxr-360-2.1.1a-src\360\Xdk\video\Release_LTCG\soft.obj
C:\USERS\MARCO\DOCUMENTS\VISUAL STUDIO 2010\PROJECTS\XBOX360\PCSXR-360-2.1.1A-SRC\360\XDK\VIDEO\RELEASE_LTCG\VC100.PDB
C:\USERS\MARCO\DOCUMENTS\VISUAL STUDIO 2010\PROJECTS\XBOX360\PCSXR-360-2.1.1A-SRC\360\XDK\VIDEO\RELEASE_LTCG\VIDEO.LIB
C:\Users\Marco\Documents\Visual Studio 2010\Projects\Xbox360\pcsxr-360-2.1.1a-src\360\Xdk\video\Release_LTCG\video.vcxprojResolveAssemblyReference.cache
C:\Users\Marco\Documents\Visual Studio 2010\Projects\Xbox360\pcsxr-360-2.1.1a-src\360\Xdk\video\Release_LTCG\video.write.1.tlog
C:\USERS\MARCO\DOCUMENTS\VISUAL STUDIO 2010\PROJECTS\XBOX360\PCSXR-360-2.1.1A-SRC\360\XDK\VIDEO\RELEASE_LTCG\XB_VIDEO.OBJ
C:\Users\Marco\Documents\Visual Studio 2010\Projects\Xbox360\pcsxr-360-2.1.1a-src\360\Xdk\video\Release_LTCG\zn.obj
