C:\ARQUIVOS DE PROGRAMAS\CLOVIS\SOURCES\PCXSR SOURCE FIX\PCSX360-NEWCDR-SRC-SPU-FIXED\360\XDK\CORE\RELEASE_LTCG\CDRISO.OBJ
C:\ARQUIVOS DE PROGRAMAS\CLOVIS\SOURCES\PCXSR SOURCE FIX\PCSX360-NEWCDR-SRC-SPU-FIXED\360\XDK\CORE\RELEASE_LTCG\CDROM.OBJ
C:\ARQUIVOS DE PROGRAMAS\CLOVIS\SOURCES\PCXSR SOURCE FIX\PCSX360-NEWCDR-SRC-SPU-FIXED\360\XDK\CORE\RELEASE_LTCG\CHEAT.OBJ
C:\Arquivos de programas\clovis\sources\pcxsr source fix\pcsx360-newcdr-src-spu-fixed\360\Xdk\core\Release_LTCG\cl.command.1.tlog
C:\Arquivos de programas\clovis\sources\pcxsr source fix\pcsx360-newcdr-src-spu-fixed\360\Xdk\core\Release_LTCG\CL.read.1.tlog
C:\Arquivos de programas\clovis\sources\pcxsr source fix\pcsx360-newcdr-src-spu-fixed\360\Xdk\core\Release_LTCG\CL.write.1.tlog
C:\ARQUIVOS DE PROGRAMAS\CLOVIS\SOURCES\PCXSR SOURCE FIX\PCSX360-NEWCDR-SRC-SPU-FIXED\360\XDK\CORE\RELEASE_LTCG\CORE.LIB
C:\ARQUIVOS DE PROGRAMAS\CLOVIS\SOURCES\PCXSR SOURCE FIX\PCSX360-NEWCDR-SRC-SPU-FIXED\360\XDK\CORE\RELEASE_LTCG\DEBUG.OBJ
C:\ARQUIVOS DE PROGRAMAS\CLOVIS\SOURCES\PCXSR SOURCE FIX\PCSX360-NEWCDR-SRC-SPU-FIXED\360\XDK\CORE\RELEASE_LTCG\DECODE_XA.OBJ
C:\ARQUIVOS DE PROGRAMAS\CLOVIS\SOURCES\PCXSR SOURCE FIX\PCSX360-NEWCDR-SRC-SPU-FIXED\360\XDK\CORE\RELEASE_LTCG\DISR3000A.OBJ
C:\ARQUIVOS DE PROGRAMAS\CLOVIS\SOURCES\PCXSR SOURCE FIX\PCSX360-NEWCDR-SRC-SPU-FIXED\360\XDK\CORE\RELEASE_LTCG\GPU.OBJ
C:\ARQUIVOS DE PROGRAMAS\CLOVIS\SOURCES\PCXSR SOURCE FIX\PCSX360-NEWCDR-SRC-SPU-FIXED\360\XDK\CORE\RELEASE_LTCG\GTE.OBJ
C:\ARQUIVOS DE PROGRAMAS\CLOVIS\SOURCES\PCXSR SOURCE FIX\PCSX360-NEWCDR-SRC-SPU-FIXED\360\XDK\CORE\RELEASE_LTCG\GTE_DIVIDER.OBJ
C:\Arquivos de programas\clovis\sources\pcxsr source fix\pcsx360-newcdr-src-spu-fixed\360\Xdk\core\Release_LTCG\lib.command.1.tlog
C:\Arquivos de programas\clovis\sources\pcxsr source fix\pcsx360-newcdr-src-spu-fixed\360\Xdk\core\Release_LTCG\Lib-link.read.1.tlog
C:\Arquivos de programas\clovis\sources\pcxsr source fix\pcsx360-newcdr-src-spu-fixed\360\Xdk\core\Release_LTCG\Lib-link.write.1.tlog
C:\ARQUIVOS DE PROGRAMAS\CLOVIS\SOURCES\PCXSR SOURCE FIX\PCSX360-NEWCDR-SRC-SPU-FIXED\360\XDK\CORE\RELEASE_LTCG\MDEC.OBJ
C:\ARQUIVOS DE PROGRAMAS\CLOVIS\SOURCES\PCXSR SOURCE FIX\PCSX360-NEWCDR-SRC-SPU-FIXED\360\XDK\CORE\RELEASE_LTCG\MISC.OBJ
C:\ARQUIVOS DE PROGRAMAS\CLOVIS\SOURCES\PCXSR SOURCE FIX\PCSX360-NEWCDR-SRC-SPU-FIXED\360\XDK\CORE\RELEASE_LTCG\PLUGINS.OBJ
C:\ARQUIVOS DE PROGRAMAS\CLOVIS\SOURCES\PCXSR SOURCE FIX\PCSX360-NEWCDR-SRC-SPU-FIXED\360\XDK\CORE\RELEASE_LTCG\PPC.OBJ
C:\ARQUIVOS DE PROGRAMAS\CLOVIS\SOURCES\PCXSR SOURCE FIX\PCSX360-NEWCDR-SRC-SPU-FIXED\360\XDK\CORE\RELEASE_LTCG\PPC_DYN.OBJ
C:\ARQUIVOS DE PROGRAMAS\CLOVIS\SOURCES\PCXSR SOURCE FIX\PCSX360-NEWCDR-SRC-SPU-FIXED\360\XDK\CORE\RELEASE_LTCG\PPF.OBJ
C:\ARQUIVOS DE PROGRAMAS\CLOVIS\SOURCES\PCXSR SOURCE FIX\PCSX360-NEWCDR-SRC-SPU-FIXED\360\XDK\CORE\RELEASE_LTCG\PR3000A.OBJ
C:\ARQUIVOS DE PROGRAMAS\CLOVIS\SOURCES\PCXSR SOURCE FIX\PCSX360-NEWCDR-SRC-SPU-FIXED\360\XDK\CORE\RELEASE_LTCG\PSXBIOS.OBJ
C:\ARQUIVOS DE PROGRAMAS\CLOVIS\SOURCES\PCXSR SOURCE FIX\PCSX360-NEWCDR-SRC-SPU-FIXED\360\XDK\CORE\RELEASE_LTCG\PSXCOMMON.OBJ
C:\ARQUIVOS DE PROGRAMAS\CLOVIS\SOURCES\PCXSR SOURCE FIX\PCSX360-NEWCDR-SRC-SPU-FIXED\360\XDK\CORE\RELEASE_LTCG\PSXCOUNTERS.OBJ
C:\ARQUIVOS DE PROGRAMAS\CLOVIS\SOURCES\PCXSR SOURCE FIX\PCSX360-NEWCDR-SRC-SPU-FIXED\360\XDK\CORE\RELEASE_LTCG\PSXDMA.OBJ
C:\ARQUIVOS DE PROGRAMAS\CLOVIS\SOURCES\PCXSR SOURCE FIX\PCSX360-NEWCDR-SRC-SPU-FIXED\360\XDK\CORE\RELEASE_LTCG\PSXHLE.OBJ
C:\ARQUIVOS DE PROGRAMAS\CLOVIS\SOURCES\PCXSR SOURCE FIX\PCSX360-NEWCDR-SRC-SPU-FIXED\360\XDK\CORE\RELEASE_LTCG\PSXHW.OBJ
C:\ARQUIVOS DE PROGRAMAS\CLOVIS\SOURCES\PCXSR SOURCE FIX\PCSX360-NEWCDR-SRC-SPU-FIXED\360\XDK\CORE\RELEASE_LTCG\PSXINTERPRETER.OBJ
C:\ARQUIVOS DE PROGRAMAS\CLOVIS\SOURCES\PCXSR SOURCE FIX\PCSX360-NEWCDR-SRC-SPU-FIXED\360\XDK\CORE\RELEASE_LTCG\PSXMEM.OBJ
C:\ARQUIVOS DE PROGRAMAS\CLOVIS\SOURCES\PCXSR SOURCE FIX\PCSX360-NEWCDR-SRC-SPU-FIXED\360\XDK\CORE\RELEASE_LTCG\PSXVM.OBJ
C:\ARQUIVOS DE PROGRAMAS\CLOVIS\SOURCES\PCXSR SOURCE FIX\PCSX360-NEWCDR-SRC-SPU-FIXED\360\XDK\CORE\RELEASE_LTCG\R3000A.OBJ
C:\ARQUIVOS DE PROGRAMAS\CLOVIS\SOURCES\PCXSR SOURCE FIX\PCSX360-NEWCDR-SRC-SPU-FIXED\360\XDK\CORE\RELEASE_LTCG\REGUSE.OBJ
C:\ARQUIVOS DE PROGRAMAS\CLOVIS\SOURCES\PCXSR SOURCE FIX\PCSX360-NEWCDR-SRC-SPU-FIXED\360\XDK\CORE\RELEASE_LTCG\SIO.OBJ
C:\ARQUIVOS DE PROGRAMAS\CLOVIS\SOURCES\PCXSR SOURCE FIX\PCSX360-NEWCDR-SRC-SPU-FIXED\360\XDK\CORE\RELEASE_LTCG\SOCKET.OBJ
C:\ARQUIVOS DE PROGRAMAS\CLOVIS\SOURCES\PCXSR SOURCE FIX\PCSX360-NEWCDR-SRC-SPU-FIXED\360\XDK\CORE\RELEASE_LTCG\SPU.OBJ
C:\ARQUIVOS DE PROGRAMAS\CLOVIS\SOURCES\PCXSR SOURCE FIX\PCSX360-NEWCDR-SRC-SPU-FIXED\360\XDK\CORE\RELEASE_LTCG\VC100.PDB
