C:\Users\Marco\Documents\Visual Studio 2010\Projects\Xbox360\pcsxr-360-2.1.1a-src\360\Xdk\pokopom_input\Release_LTCG\CL.2476.read.1.tlog
C:\Users\Marco\Documents\Visual Studio 2010\Projects\Xbox360\pcsxr-360-2.1.1a-src\360\Xdk\pokopom_input\Release_LTCG\CL.2476.write.1.tlog
C:\Users\Marco\Documents\Visual Studio 2010\Projects\Xbox360\pcsxr-360-2.1.1a-src\360\Xdk\pokopom_input\Release_LTCG\CL.4108.read.1.tlog
C:\Users\Marco\Documents\Visual Studio 2010\Projects\Xbox360\pcsxr-360-2.1.1a-src\360\Xdk\pokopom_input\Release_LTCG\CL.4108.write.1.tlog
C:\Users\Marco\Documents\Visual Studio 2010\Projects\Xbox360\pcsxr-360-2.1.1a-src\360\Xdk\pokopom_input\Release_LTCG\CL.6716.read.1.tlog
C:\Users\Marco\Documents\Visual Studio 2010\Projects\Xbox360\pcsxr-360-2.1.1a-src\360\Xdk\pokopom_input\Release_LTCG\CL.6716.write.1.tlog
C:\Users\Marco\Documents\Visual Studio 2010\Projects\Xbox360\pcsxr-360-2.1.1a-src\360\Xdk\pokopom_input\Release_LTCG\CL.8560.read.1.tlog
C:\Users\Marco\Documents\Visual Studio 2010\Projects\Xbox360\pcsxr-360-2.1.1a-src\360\Xdk\pokopom_input\Release_LTCG\CL.8560.write.1.tlog
C:\Users\Marco\Documents\Visual Studio 2010\Projects\Xbox360\pcsxr-360-2.1.1a-src\360\Xdk\pokopom_input\Release_LTCG\cl.command.1.tlog
C:\Users\Marco\Documents\Visual Studio 2010\Projects\Xbox360\pcsxr-360-2.1.1a-src\360\Xdk\pokopom_input\Release_LTCG\CL.read.1.tlog
C:\Users\Marco\Documents\Visual Studio 2010\Projects\Xbox360\pcsxr-360-2.1.1a-src\360\Xdk\pokopom_input\Release_LTCG\cl.write.1.tlog
C:\Users\Marco\Documents\Visual Studio 2010\Projects\Xbox360\pcsxr-360-2.1.1a-src\360\Xdk\pokopom_input\Release_LTCG\Controller.obj
C:\Users\Marco\Documents\Visual Studio 2010\Projects\Xbox360\pcsxr-360-2.1.1a-src\360\Xdk\pokopom_input\Release_LTCG\ControllerMtap.obj
C:\Users\Marco\Documents\Visual Studio 2010\Projects\Xbox360\pcsxr-360-2.1.1a-src\360\Xdk\pokopom_input\Release_LTCG\FileIO.obj
C:\Users\Marco\Documents\Visual Studio 2010\Projects\Xbox360\pcsxr-360-2.1.1a-src\360\Xdk\pokopom_input\Release_LTCG\Input_Shared.obj
C:\Users\Marco\Documents\Visual Studio 2010\Projects\Xbox360\pcsxr-360-2.1.1a-src\360\Xdk\pokopom_input\Release_LTCG\Input_XInput.obj
C:\Users\Marco\Documents\Visual Studio 2010\Projects\Xbox360\pcsxr-360-2.1.1a-src\360\Xdk\pokopom_input\Release_LTCG\lib.command.1.tlog
C:\Users\Marco\Documents\Visual Studio 2010\Projects\Xbox360\pcsxr-360-2.1.1a-src\360\Xdk\pokopom_input\Release_LTCG\Lib-link.read.1.tlog
C:\Users\Marco\Documents\Visual Studio 2010\Projects\Xbox360\pcsxr-360-2.1.1a-src\360\Xdk\pokopom_input\Release_LTCG\Lib-link.write.1.tlog
C:\Users\Marco\Documents\Visual Studio 2010\Projects\Xbox360\pcsxr-360-2.1.1a-src\360\Xdk\pokopom_input\Release_LTCG\PlayStation.obj
C:\USERS\MARCO\DOCUMENTS\VISUAL STUDIO 2010\PROJECTS\XBOX360\PCSXR-360-2.1.1A-SRC\360\XDK\POKOPOM_INPUT\RELEASE_LTCG\POKOPOM_INPUT.LIB
C:\Users\Marco\Documents\Visual Studio 2010\Projects\Xbox360\pcsxr-360-2.1.1a-src\360\Xdk\pokopom_input\Release_LTCG\pokopom_input.write.1.tlog
C:\Users\Marco\Documents\Visual Studio 2010\Projects\Xbox360\pcsxr-360-2.1.1a-src\360\Xdk\pokopom_input\Release_LTCG\Settings.obj
C:\Users\Marco\Documents\Visual Studio 2010\Projects\Xbox360\pcsxr-360-2.1.1a-src\360\Xdk\pokopom_input\Release_LTCG\Stuff_Shared.obj
C:\Users\Marco\Documents\Visual Studio 2010\Projects\Xbox360\pcsxr-360-2.1.1a-src\360\Xdk\pokopom_input\Release_LTCG\Stuff_Windows.obj
C:\USERS\MARCO\DOCUMENTS\VISUAL STUDIO 2010\PROJECTS\XBOX360\PCSXR-360-2.1.1A-SRC\360\XDK\POKOPOM_INPUT\RELEASE_LTCG\VC100.PDB
