C:\Users\Marco\Documents\Visual Studio 2010\Projects\Xbox360\pcsxr-360-2.1.1a-src\360\Xdk\audio\Release_LTCG\adsr.obj
C:\USERS\MARCO\DOCUMENTS\VISUAL STUDIO 2010\PROJECTS\XBOX360\PCSXR-360-2.1.1A-SRC\360\XDK\AUDIO\RELEASE_LTCG\AUDIO.LIB
C:\Users\Marco\Documents\Visual Studio 2010\Projects\Xbox360\pcsxr-360-2.1.1a-src\360\Xdk\audio\Release_LTCG\audio.write.1.tlog
C:\Users\Marco\Documents\Visual Studio 2010\Projects\Xbox360\pcsxr-360-2.1.1a-src\360\Xdk\audio\Release_LTCG\cfg.obj
C:\Users\Marco\Documents\Visual Studio 2010\Projects\Xbox360\pcsxr-360-2.1.1a-src\360\Xdk\audio\Release_LTCG\CL.7332.read.1.tlog
C:\Users\Marco\Documents\Visual Studio 2010\Projects\Xbox360\pcsxr-360-2.1.1a-src\360\Xdk\audio\Release_LTCG\CL.7332.write.1.tlog
C:\Users\Marco\Documents\Visual Studio 2010\Projects\Xbox360\pcsxr-360-2.1.1a-src\360\Xdk\audio\Release_LTCG\CL.7808.read.1.tlog
C:\Users\Marco\Documents\Visual Studio 2010\Projects\Xbox360\pcsxr-360-2.1.1a-src\360\Xdk\audio\Release_LTCG\CL.7808.write.1.tlog
C:\Users\Marco\Documents\Visual Studio 2010\Projects\Xbox360\pcsxr-360-2.1.1a-src\360\Xdk\audio\Release_LTCG\CL.8068.read.1.tlog
C:\Users\Marco\Documents\Visual Studio 2010\Projects\Xbox360\pcsxr-360-2.1.1a-src\360\Xdk\audio\Release_LTCG\CL.8068.write.1.tlog
C:\Users\Marco\Documents\Visual Studio 2010\Projects\Xbox360\pcsxr-360-2.1.1a-src\360\Xdk\audio\Release_LTCG\CL.8400.read.1.tlog
C:\Users\Marco\Documents\Visual Studio 2010\Projects\Xbox360\pcsxr-360-2.1.1a-src\360\Xdk\audio\Release_LTCG\CL.8400.write.1.tlog
C:\Users\Marco\Documents\Visual Studio 2010\Projects\Xbox360\pcsxr-360-2.1.1a-src\360\Xdk\audio\Release_LTCG\cl.command.1.tlog
C:\Users\Marco\Documents\Visual Studio 2010\Projects\Xbox360\pcsxr-360-2.1.1a-src\360\Xdk\audio\Release_LTCG\CL.read.1.tlog
C:\Users\Marco\Documents\Visual Studio 2010\Projects\Xbox360\pcsxr-360-2.1.1a-src\360\Xdk\audio\Release_LTCG\cl.write.1.tlog
C:\Users\Marco\Documents\Visual Studio 2010\Projects\Xbox360\pcsxr-360-2.1.1a-src\360\Xdk\audio\Release_LTCG\dma.obj
C:\Users\Marco\Documents\Visual Studio 2010\Projects\Xbox360\pcsxr-360-2.1.1a-src\360\Xdk\audio\Release_LTCG\externals.obj
C:\Users\Marco\Documents\Visual Studio 2010\Projects\Xbox360\pcsxr-360-2.1.1a-src\360\Xdk\audio\Release_LTCG\freeze.obj
C:\Users\Marco\Documents\Visual Studio 2010\Projects\Xbox360\pcsxr-360-2.1.1a-src\360\Xdk\audio\Release_LTCG\lib.command.1.tlog
C:\Users\Marco\Documents\Visual Studio 2010\Projects\Xbox360\pcsxr-360-2.1.1a-src\360\Xdk\audio\Release_LTCG\Lib-link.read.1.tlog
C:\Users\Marco\Documents\Visual Studio 2010\Projects\Xbox360\pcsxr-360-2.1.1a-src\360\Xdk\audio\Release_LTCG\Lib-link.write.1.tlog
C:\Users\Marco\Documents\Visual Studio 2010\Projects\Xbox360\pcsxr-360-2.1.1a-src\360\Xdk\audio\Release_LTCG\nullsnd.obj
C:\Users\Marco\Documents\Visual Studio 2010\Projects\Xbox360\pcsxr-360-2.1.1a-src\360\Xdk\audio\Release_LTCG\registers.obj
C:\Users\Marco\Documents\Visual Studio 2010\Projects\Xbox360\pcsxr-360-2.1.1a-src\360\Xdk\audio\Release_LTCG\reverb.obj
C:\Users\Marco\Documents\Visual Studio 2010\Projects\Xbox360\pcsxr-360-2.1.1a-src\360\Xdk\audio\Release_LTCG\sdl_2.obj
C:\Users\Marco\Documents\Visual Studio 2010\Projects\Xbox360\pcsxr-360-2.1.1a-src\360\Xdk\audio\Release_LTCG\SDL_audio.obj
C:\Users\Marco\Documents\Visual Studio 2010\Projects\Xbox360\pcsxr-360-2.1.1a-src\360\Xdk\audio\Release_LTCG\SDL_audiocvt.obj
C:\Users\Marco\Documents\Visual Studio 2010\Projects\Xbox360\pcsxr-360-2.1.1a-src\360\Xdk\audio\Release_LTCG\SDL_audiodev.obj
C:\Users\Marco\Documents\Visual Studio 2010\Projects\Xbox360\pcsxr-360-2.1.1a-src\360\Xdk\audio\Release_LTCG\SDL_audiotypecvt.obj
C:\Users\Marco\Documents\Visual Studio 2010\Projects\Xbox360\pcsxr-360-2.1.1a-src\360\Xdk\audio\Release_LTCG\SDL_xaudio2.obj
C:\USERS\MARCO\DOCUMENTS\VISUAL STUDIO 2010\PROJECTS\XBOX360\PCSXR-360-2.1.1A-SRC\360\XDK\AUDIO\RELEASE_LTCG\SPU.OBJ
C:\USERS\MARCO\DOCUMENTS\VISUAL STUDIO 2010\PROJECTS\XBOX360\PCSXR-360-2.1.1A-SRC\360\XDK\AUDIO\RELEASE_LTCG\VC100.PDB
C:\Users\Marco\Documents\Visual Studio 2010\Projects\Xbox360\pcsxr-360-2.1.1a-src\360\Xdk\audio\Release_LTCG\xa.obj
