C:\ARQUIVOS DE PROGRAMAS\CLOVIS\TESTES PCSX\PCSX360-2.1.5-FINAL-SRC\360\XDK\ZLIB\RELEASE_LTCG\ADLER32.OBJ
C:\Arquivos de programas\Clovis\testes pcsx\pcsx360-2.1.5-final-src\360\Xdk\zlib\Release_LTCG\cl.command.1.tlog
C:\Arquivos de programas\Clovis\testes pcsx\pcsx360-2.1.5-final-src\360\Xdk\zlib\Release_LTCG\CL.read.1.tlog
C:\Arquivos de programas\Clovis\testes pcsx\pcsx360-2.1.5-final-src\360\Xdk\zlib\Release_LTCG\CL.write.1.tlog
C:\ARQUIVOS DE PROGRAMAS\CLOVIS\TESTES PCSX\PCSX360-2.1.5-FINAL-SRC\360\XDK\ZLIB\RELEASE_LTCG\COMPRESS.OBJ
C:\ARQUIVOS DE PROGRAMAS\CLOVIS\TESTES PCSX\PCSX360-2.1.5-FINAL-SRC\360\XDK\ZLIB\RELEASE_LTCG\DEFLATE.OBJ
C:\ARQUIVOS DE PROGRAMAS\CLOVIS\TESTES PCSX\PCSX360-2.1.5-FINAL-SRC\360\XDK\ZLIB\RELEASE_LTCG\GZCLOSE.OBJ
C:\ARQUIVOS DE PROGRAMAS\CLOVIS\TESTES PCSX\PCSX360-2.1.5-FINAL-SRC\360\XDK\ZLIB\RELEASE_LTCG\GZLIB.OBJ
C:\ARQUIVOS DE PROGRAMAS\CLOVIS\TESTES PCSX\PCSX360-2.1.5-FINAL-SRC\360\XDK\ZLIB\RELEASE_LTCG\GZREAD.OBJ
C:\ARQUIVOS DE PROGRAMAS\CLOVIS\TESTES PCSX\PCSX360-2.1.5-FINAL-SRC\360\XDK\ZLIB\RELEASE_LTCG\GZWRITE.OBJ
C:\ARQUIVOS DE PROGRAMAS\CLOVIS\TESTES PCSX\PCSX360-2.1.5-FINAL-SRC\360\XDK\ZLIB\RELEASE_LTCG\INFBACK.OBJ
C:\ARQUIVOS DE PROGRAMAS\CLOVIS\TESTES PCSX\PCSX360-2.1.5-FINAL-SRC\360\XDK\ZLIB\RELEASE_LTCG\INFFAST.OBJ
C:\ARQUIVOS DE PROGRAMAS\CLOVIS\TESTES PCSX\PCSX360-2.1.5-FINAL-SRC\360\XDK\ZLIB\RELEASE_LTCG\INFLATE.OBJ
C:\ARQUIVOS DE PROGRAMAS\CLOVIS\TESTES PCSX\PCSX360-2.1.5-FINAL-SRC\360\XDK\ZLIB\RELEASE_LTCG\INFTREES.OBJ
C:\Arquivos de programas\Clovis\testes pcsx\pcsx360-2.1.5-final-src\360\Xdk\zlib\Release_LTCG\lib.command.1.tlog
C:\Arquivos de programas\Clovis\testes pcsx\pcsx360-2.1.5-final-src\360\Xdk\zlib\Release_LTCG\Lib-link.read.1.tlog
C:\Arquivos de programas\Clovis\testes pcsx\pcsx360-2.1.5-final-src\360\Xdk\zlib\Release_LTCG\Lib-link.write.1.tlog
C:\ARQUIVOS DE PROGRAMAS\CLOVIS\TESTES PCSX\PCSX360-2.1.5-FINAL-SRC\360\XDK\ZLIB\RELEASE_LTCG\TREES.OBJ
C:\ARQUIVOS DE PROGRAMAS\CLOVIS\TESTES PCSX\PCSX360-2.1.5-FINAL-SRC\360\XDK\ZLIB\RELEASE_LTCG\UNCOMPR.OBJ
C:\ARQUIVOS DE PROGRAMAS\CLOVIS\TESTES PCSX\PCSX360-2.1.5-FINAL-SRC\360\XDK\ZLIB\RELEASE_LTCG\VC100.PDB
C:\ARQUIVOS DE PROGRAMAS\CLOVIS\TESTES PCSX\PCSX360-2.1.5-FINAL-SRC\360\XDK\ZLIB\RELEASE_LTCG\ZCRC32.OBJ
C:\ARQUIVOS DE PROGRAMAS\CLOVIS\TESTES PCSX\PCSX360-2.1.5-FINAL-SRC\360\XDK\ZLIB\RELEASE_LTCG\ZLIB.LIB
C:\ARQUIVOS DE PROGRAMAS\CLOVIS\TESTES PCSX\PCSX360-2.1.5-FINAL-SRC\360\XDK\ZLIB\RELEASE_LTCG\ZUTIL.OBJ
