C:\ARQUIVOS DE PROGRAMAS\CLOVIS\SOURCES\PCXSR SOURCE FIX\PCSX360-NEWCDR-SRC-SPU-FIXED\360\XDK\AUDIO\RELEASE_LTCG\ADSR.OBJ
C:\ARQUIVOS DE PROGRAMAS\CLOVIS\SOURCES\PCXSR SOURCE FIX\PCSX360-NEWCDR-SRC-SPU-FIXED\360\XDK\AUDIO\RELEASE_LTCG\AUDIO.LIB
C:\ARQUIVOS DE PROGRAMAS\CLOVIS\SOURCES\PCXSR SOURCE FIX\PCSX360-NEWCDR-SRC-SPU-FIXED\360\XDK\AUDIO\RELEASE_LTCG\CFG.OBJ
C:\Arquivos de programas\clovis\sources\pcxsr source fix\pcsx360-newcdr-src-spu-fixed\360\Xdk\audio\Release_LTCG\cl.command.1.tlog
C:\Arquivos de programas\clovis\sources\pcxsr source fix\pcsx360-newcdr-src-spu-fixed\360\Xdk\audio\Release_LTCG\CL.read.1.tlog
C:\Arquivos de programas\clovis\sources\pcxsr source fix\pcsx360-newcdr-src-spu-fixed\360\Xdk\audio\Release_LTCG\CL.write.1.tlog
C:\ARQUIVOS DE PROGRAMAS\CLOVIS\SOURCES\PCXSR SOURCE FIX\PCSX360-NEWCDR-SRC-SPU-FIXED\360\XDK\AUDIO\RELEASE_LTCG\DMA.OBJ
C:\ARQUIVOS DE PROGRAMAS\CLOVIS\SOURCES\PCXSR SOURCE FIX\PCSX360-NEWCDR-SRC-SPU-FIXED\360\XDK\AUDIO\RELEASE_LTCG\EXTERNALS.OBJ
C:\ARQUIVOS DE PROGRAMAS\CLOVIS\SOURCES\PCXSR SOURCE FIX\PCSX360-NEWCDR-SRC-SPU-FIXED\360\XDK\AUDIO\RELEASE_LTCG\FREEZE.OBJ
C:\Arquivos de programas\clovis\sources\pcxsr source fix\pcsx360-newcdr-src-spu-fixed\360\Xdk\audio\Release_LTCG\lib.command.1.tlog
C:\Arquivos de programas\clovis\sources\pcxsr source fix\pcsx360-newcdr-src-spu-fixed\360\Xdk\audio\Release_LTCG\Lib-link.read.1.tlog
C:\Arquivos de programas\clovis\sources\pcxsr source fix\pcsx360-newcdr-src-spu-fixed\360\Xdk\audio\Release_LTCG\Lib-link.write.1.tlog
C:\ARQUIVOS DE PROGRAMAS\CLOVIS\SOURCES\PCXSR SOURCE FIX\PCSX360-NEWCDR-SRC-SPU-FIXED\360\XDK\AUDIO\RELEASE_LTCG\NULLSND.OBJ
C:\ARQUIVOS DE PROGRAMAS\CLOVIS\SOURCES\PCXSR SOURCE FIX\PCSX360-NEWCDR-SRC-SPU-FIXED\360\XDK\AUDIO\RELEASE_LTCG\REGISTERS.OBJ
C:\ARQUIVOS DE PROGRAMAS\CLOVIS\SOURCES\PCXSR SOURCE FIX\PCSX360-NEWCDR-SRC-SPU-FIXED\360\XDK\AUDIO\RELEASE_LTCG\REVERB.OBJ
C:\ARQUIVOS DE PROGRAMAS\CLOVIS\SOURCES\PCXSR SOURCE FIX\PCSX360-NEWCDR-SRC-SPU-FIXED\360\XDK\AUDIO\RELEASE_LTCG\SDL_2.OBJ
C:\ARQUIVOS DE PROGRAMAS\CLOVIS\SOURCES\PCXSR SOURCE FIX\PCSX360-NEWCDR-SRC-SPU-FIXED\360\XDK\AUDIO\RELEASE_LTCG\SDL_AUDIO.OBJ
C:\ARQUIVOS DE PROGRAMAS\CLOVIS\SOURCES\PCXSR SOURCE FIX\PCSX360-NEWCDR-SRC-SPU-FIXED\360\XDK\AUDIO\RELEASE_LTCG\SDL_AUDIOCVT.OBJ
C:\ARQUIVOS DE PROGRAMAS\CLOVIS\SOURCES\PCXSR SOURCE FIX\PCSX360-NEWCDR-SRC-SPU-FIXED\360\XDK\AUDIO\RELEASE_LTCG\SDL_AUDIODEV.OBJ
C:\ARQUIVOS DE PROGRAMAS\CLOVIS\SOURCES\PCXSR SOURCE FIX\PCSX360-NEWCDR-SRC-SPU-FIXED\360\XDK\AUDIO\RELEASE_LTCG\SDL_AUDIOTYPECVT.OBJ
C:\ARQUIVOS DE PROGRAMAS\CLOVIS\SOURCES\PCXSR SOURCE FIX\PCSX360-NEWCDR-SRC-SPU-FIXED\360\XDK\AUDIO\RELEASE_LTCG\SDL_XAUDIO2.OBJ
C:\ARQUIVOS DE PROGRAMAS\CLOVIS\SOURCES\PCXSR SOURCE FIX\PCSX360-NEWCDR-SRC-SPU-FIXED\360\XDK\AUDIO\RELEASE_LTCG\SPU.OBJ
C:\ARQUIVOS DE PROGRAMAS\CLOVIS\SOURCES\PCXSR SOURCE FIX\PCSX360-NEWCDR-SRC-SPU-FIXED\360\XDK\AUDIO\RELEASE_LTCG\VC100.PDB
C:\ARQUIVOS DE PROGRAMAS\CLOVIS\SOURCES\PCXSR SOURCE FIX\PCSX360-NEWCDR-SRC-SPU-FIXED\360\XDK\AUDIO\RELEASE_LTCG\XA.OBJ
