C:\Users\Marco\Documents\Visual Studio 2010\Projects\Xbox360\pcsxr-360-2.1.1a-src\360\Xdk\zlib\Release_LTCG\adler32.obj
C:\Users\Marco\Documents\Visual Studio 2010\Projects\Xbox360\pcsxr-360-2.1.1a-src\360\Xdk\zlib\Release_LTCG\CL.1144.read.1.tlog
C:\Users\Marco\Documents\Visual Studio 2010\Projects\Xbox360\pcsxr-360-2.1.1a-src\360\Xdk\zlib\Release_LTCG\CL.1144.write.1.tlog
C:\Users\Marco\Documents\Visual Studio 2010\Projects\Xbox360\pcsxr-360-2.1.1a-src\360\Xdk\zlib\Release_LTCG\CL.4004.read.1.tlog
C:\Users\Marco\Documents\Visual Studio 2010\Projects\Xbox360\pcsxr-360-2.1.1a-src\360\Xdk\zlib\Release_LTCG\CL.4004.write.1.tlog
C:\Users\Marco\Documents\Visual Studio 2010\Projects\Xbox360\pcsxr-360-2.1.1a-src\360\Xdk\zlib\Release_LTCG\CL.8124.read.1.tlog
C:\Users\Marco\Documents\Visual Studio 2010\Projects\Xbox360\pcsxr-360-2.1.1a-src\360\Xdk\zlib\Release_LTCG\CL.8124.write.1.tlog
C:\Users\Marco\Documents\Visual Studio 2010\Projects\Xbox360\pcsxr-360-2.1.1a-src\360\Xdk\zlib\Release_LTCG\CL.8872.read.1.tlog
C:\Users\Marco\Documents\Visual Studio 2010\Projects\Xbox360\pcsxr-360-2.1.1a-src\360\Xdk\zlib\Release_LTCG\CL.8872.write.1.tlog
C:\Users\Marco\Documents\Visual Studio 2010\Projects\Xbox360\pcsxr-360-2.1.1a-src\360\Xdk\zlib\Release_LTCG\cl.command.1.tlog
C:\Users\Marco\Documents\Visual Studio 2010\Projects\Xbox360\pcsxr-360-2.1.1a-src\360\Xdk\zlib\Release_LTCG\CL.read.1.tlog
C:\Users\Marco\Documents\Visual Studio 2010\Projects\Xbox360\pcsxr-360-2.1.1a-src\360\Xdk\zlib\Release_LTCG\cl.write.1.tlog
C:\Users\Marco\Documents\Visual Studio 2010\Projects\Xbox360\pcsxr-360-2.1.1a-src\360\Xdk\zlib\Release_LTCG\compress.obj
C:\Users\Marco\Documents\Visual Studio 2010\Projects\Xbox360\pcsxr-360-2.1.1a-src\360\Xdk\zlib\Release_LTCG\deflate.obj
C:\Users\Marco\Documents\Visual Studio 2010\Projects\Xbox360\pcsxr-360-2.1.1a-src\360\Xdk\zlib\Release_LTCG\gzclose.obj
C:\Users\Marco\Documents\Visual Studio 2010\Projects\Xbox360\pcsxr-360-2.1.1a-src\360\Xdk\zlib\Release_LTCG\gzlib.obj
C:\Users\Marco\Documents\Visual Studio 2010\Projects\Xbox360\pcsxr-360-2.1.1a-src\360\Xdk\zlib\Release_LTCG\gzread.obj
C:\Users\Marco\Documents\Visual Studio 2010\Projects\Xbox360\pcsxr-360-2.1.1a-src\360\Xdk\zlib\Release_LTCG\gzwrite.obj
C:\Users\Marco\Documents\Visual Studio 2010\Projects\Xbox360\pcsxr-360-2.1.1a-src\360\Xdk\zlib\Release_LTCG\infback.obj
C:\Users\Marco\Documents\Visual Studio 2010\Projects\Xbox360\pcsxr-360-2.1.1a-src\360\Xdk\zlib\Release_LTCG\inffast.obj
C:\Users\Marco\Documents\Visual Studio 2010\Projects\Xbox360\pcsxr-360-2.1.1a-src\360\Xdk\zlib\Release_LTCG\inflate.obj
C:\Users\Marco\Documents\Visual Studio 2010\Projects\Xbox360\pcsxr-360-2.1.1a-src\360\Xdk\zlib\Release_LTCG\inftrees.obj
C:\Users\Marco\Documents\Visual Studio 2010\Projects\Xbox360\pcsxr-360-2.1.1a-src\360\Xdk\zlib\Release_LTCG\lib.command.1.tlog
C:\Users\Marco\Documents\Visual Studio 2010\Projects\Xbox360\pcsxr-360-2.1.1a-src\360\Xdk\zlib\Release_LTCG\Lib-link.read.1.tlog
C:\Users\Marco\Documents\Visual Studio 2010\Projects\Xbox360\pcsxr-360-2.1.1a-src\360\Xdk\zlib\Release_LTCG\Lib-link.write.1.tlog
C:\Users\Marco\Documents\Visual Studio 2010\Projects\Xbox360\pcsxr-360-2.1.1a-src\360\Xdk\zlib\Release_LTCG\trees.obj
C:\Users\Marco\Documents\Visual Studio 2010\Projects\Xbox360\pcsxr-360-2.1.1a-src\360\Xdk\zlib\Release_LTCG\uncompr.obj
C:\USERS\MARCO\DOCUMENTS\VISUAL STUDIO 2010\PROJECTS\XBOX360\PCSXR-360-2.1.1A-SRC\360\XDK\ZLIB\RELEASE_LTCG\VC100.PDB
C:\Users\Marco\Documents\Visual Studio 2010\Projects\Xbox360\pcsxr-360-2.1.1a-src\360\Xdk\zlib\Release_LTCG\zcrc32.obj
C:\USERS\MARCO\DOCUMENTS\VISUAL STUDIO 2010\PROJECTS\XBOX360\PCSXR-360-2.1.1A-SRC\360\XDK\ZLIB\RELEASE_LTCG\ZLIB.LIB
C:\Users\Marco\Documents\Visual Studio 2010\Projects\Xbox360\pcsxr-360-2.1.1a-src\360\Xdk\zlib\Release_LTCG\zlib.vcxprojResolveAssemblyReference.cache
C:\Users\Marco\Documents\Visual Studio 2010\Projects\Xbox360\pcsxr-360-2.1.1a-src\360\Xdk\zlib\Release_LTCG\zlib.write.1.tlog
C:\Users\Marco\Documents\Visual Studio 2010\Projects\Xbox360\pcsxr-360-2.1.1a-src\360\Xdk\zlib\Release_LTCG\zutil.obj
