C:\ARQUIVOS DE PROGRAMAS\CLOVIS\SOURCES\PCXSR SOURCE FIX\PCSX360-NEWCDR-SRC-SPU-FIXED\360\XDK\PCSXR\RELEASE_LTCG\BRAM.OBJ
C:\ARQUIVOS DE PROGRAMAS\CLOVIS\SOURCES\PCXSR SOURCE FIX\PCSX360-NEWCDR-SRC-SPU-FIXED\360\XDK\PCSXR\RELEASE_LTCG\CFG.COD
C:\Arquivos de programas\clovis\sources\pcxsr source fix\pcsx360-newcdr-src-spu-fixed\360\Xdk\pcsxr\Release_LTCG\cl.command.1.tlog
C:\Arquivos de programas\clovis\sources\pcxsr source fix\pcsx360-newcdr-src-spu-fixed\360\Xdk\pcsxr\Release_LTCG\CL.read.1.tlog
C:\Arquivos de programas\clovis\sources\pcxsr source fix\pcsx360-newcdr-src-spu-fixed\360\Xdk\pcsxr\Release_LTCG\CL.write.1.tlog
C:\Arquivos de programas\clovis\sources\pcxsr source fix\pcsx360-newcdr-src-spu-fixed\360\Xdk\pcsxr\Release_LTCG\custombuild.command.1.tlog
C:\Arquivos de programas\clovis\sources\pcxsr source fix\pcsx360-newcdr-src-spu-fixed\360\Xdk\pcsxr\Release_LTCG\custombuild.read.1.tlog
C:\Arquivos de programas\clovis\sources\pcxsr source fix\pcsx360-newcdr-src-spu-fixed\360\Xdk\pcsxr\Release_LTCG\custombuild.write.1.tlog
C:\Arquivos de programas\clovis\sources\pcxsr source fix\pcsx360-newcdr-src-spu-fixed\360\Xdk\pcsxr\Release_LTCG\default.xex
C:\ARQUIVOS DE PROGRAMAS\CLOVIS\SOURCES\PCXSR SOURCE FIX\PCSX360-NEWCDR-SRC-SPU-FIXED\360\XDK\PCSXR\RELEASE_LTCG\DRAW_OK.COD
C:\ARQUIVOS DE PROGRAMAS\CLOVIS\SOURCES\PCXSR SOURCE FIX\PCSX360-NEWCDR-SRC-SPU-FIXED\360\XDK\PCSXR\RELEASE_LTCG\FPS.COD
C:\ARQUIVOS DE PROGRAMAS\CLOVIS\SOURCES\PCXSR SOURCE FIX\PCSX360-NEWCDR-SRC-SPU-FIXED\360\XDK\PCSXR\RELEASE_LTCG\GPU.COD
C:\ARQUIVOS DE PROGRAMAS\CLOVIS\SOURCES\PCXSR SOURCE FIX\PCSX360-NEWCDR-SRC-SPU-FIXED\360\XDK\PCSXR\RELEASE_LTCG\GUI.OBJ
C:\ARQUIVOS DE PROGRAMAS\CLOVIS\SOURCES\PCXSR SOURCE FIX\PCSX360-NEWCDR-SRC-SPU-FIXED\360\XDK\PCSXR\RELEASE_LTCG\GUI_MAIN.OBJ
C:\ARQUIVOS DE PROGRAMAS\CLOVIS\SOURCES\PCXSR SOURCE FIX\PCSX360-NEWCDR-SRC-SPU-FIXED\360\XDK\PCSXR\RELEASE_LTCG\GUI_TOOLS.OBJ
C:\ARQUIVOS DE PROGRAMAS\CLOVIS\SOURCES\PCXSR SOURCE FIX\PCSX360-NEWCDR-SRC-SPU-FIXED\360\XDK\PCSXR\RELEASE_LTCG\GUI_VIDEO.OBJ
C:\ARQUIVOS DE PROGRAMAS\CLOVIS\SOURCES\PCXSR SOURCE FIX\PCSX360-NEWCDR-SRC-SPU-FIXED\360\XDK\PCSXR\RELEASE_LTCG\KEY.COD
C:\Arquivos de programas\clovis\sources\pcxsr source fix\pcsx360-newcdr-src-spu-fixed\360\Xdk\pcsxr\Release_LTCG\link.command.1.tlog
C:\Arquivos de programas\clovis\sources\pcxsr source fix\pcsx360-newcdr-src-spu-fixed\360\Xdk\pcsxr\Release_LTCG\link.read.1.tlog
C:\Arquivos de programas\clovis\sources\pcxsr source fix\pcsx360-newcdr-src-spu-fixed\360\Xdk\pcsxr\Release_LTCG\link.write.1.tlog
C:\ARQUIVOS DE PROGRAMAS\CLOVIS\SOURCES\PCXSR SOURCE FIX\PCSX360-NEWCDR-SRC-SPU-FIXED\360\XDK\PCSXR\RELEASE_LTCG\MAIN.OBJ
C:\ARQUIVOS DE PROGRAMAS\CLOVIS\SOURCES\PCXSR SOURCE FIX\PCSX360-NEWCDR-SRC-SPU-FIXED\360\XDK\PCSXR\RELEASE_LTCG\MEDIA\XUI\FILTER.XUR
C:\ARQUIVOS DE PROGRAMAS\CLOVIS\SOURCES\PCXSR SOURCE FIX\PCSX360-NEWCDR-SRC-SPU-FIXED\360\XDK\PCSXR\RELEASE_LTCG\MEDIA\XUI\GAMEGUIDE.XUR
C:\ARQUIVOS DE PROGRAMAS\CLOVIS\SOURCES\PCXSR SOURCE FIX\PCSX360-NEWCDR-SRC-SPU-FIXED\360\XDK\PCSXR\RELEASE_LTCG\MEDIA\XUI\LOADSTATES.XUR
C:\ARQUIVOS DE PROGRAMAS\CLOVIS\SOURCES\PCXSR SOURCE FIX\PCSX360-NEWCDR-SRC-SPU-FIXED\360\XDK\PCSXR\RELEASE_LTCG\MEDIA\XUI\OSDMENU.XUR
C:\ARQUIVOS DE PROGRAMAS\CLOVIS\SOURCES\PCXSR SOURCE FIX\PCSX360-NEWCDR-SRC-SPU-FIXED\360\XDK\PCSXR\RELEASE_LTCG\MEDIA\XUI\SCENE.XUR
C:\ARQUIVOS DE PROGRAMAS\CLOVIS\SOURCES\PCXSR SOURCE FIX\PCSX360-NEWCDR-SRC-SPU-FIXED\360\XDK\PCSXR\RELEASE_LTCG\MEDIA\XUI\SCENE2.XUR
C:\ARQUIVOS DE PROGRAMAS\CLOVIS\SOURCES\PCXSR SOURCE FIX\PCSX360-NEWCDR-SRC-SPU-FIXED\360\XDK\PCSXR\RELEASE_LTCG\MEDIA\XUI\SIMPLE_SCENE_SKIN.XUR
C:\ARQUIVOS DE PROGRAMAS\CLOVIS\SOURCES\PCXSR SOURCE FIX\PCSX360-NEWCDR-SRC-SPU-FIXED\360\XDK\PCSXR\RELEASE_LTCG\MEDIA\XUI\SWAPDISC.XUR
C:\ARQUIVOS DE PROGRAMAS\CLOVIS\SOURCES\PCXSR SOURCE FIX\PCSX360-NEWCDR-SRC-SPU-FIXED\360\XDK\PCSXR\RELEASE_LTCG\MEDIA\XUI\XARIALUNI.TTF
C:\ARQUIVOS DE PROGRAMAS\CLOVIS\SOURCES\PCXSR SOURCE FIX\PCSX360-NEWCDR-SRC-SPU-FIXED\360\XDK\PCSXR\RELEASE_LTCG\MENU.COD
C:\ARQUIVOS DE PROGRAMAS\CLOVIS\SOURCES\PCXSR SOURCE FIX\PCSX360-NEWCDR-SRC-SPU-FIXED\360\XDK\PCSXR\RELEASE_LTCG\MOUNT.OBJ
C:\ARQUIVOS DE PROGRAMAS\CLOVIS\SOURCES\PCXSR SOURCE FIX\PCSX360-NEWCDR-SRC-SPU-FIXED\360\XDK\PCSXR\RELEASE_LTCG\PCSXR.EXE
C:\Arquivos de programas\clovis\sources\pcxsr source fix\pcsx360-newcdr-src-spu-fixed\360\Xdk\pcsxr\Release_LTCG\pcsxr.exp
C:\ARQUIVOS DE PROGRAMAS\CLOVIS\SOURCES\PCXSR SOURCE FIX\PCSX360-NEWCDR-SRC-SPU-FIXED\360\XDK\PCSXR\RELEASE_LTCG\PCSXR.PDB
C:\Arquivos de programas\clovis\sources\pcxsr source fix\pcsx360-newcdr-src-spu-fixed\360\Xdk\pcsxr\Release_LTCG\pcsxr.write.1.tlog
C:\Arquivos de programas\clovis\sources\pcxsr source fix\pcsx360-newcdr-src-spu-fixed\360\Xdk\pcsxr\Release_LTCG\pcsxr.xdb
C:\ARQUIVOS DE PROGRAMAS\CLOVIS\SOURCES\PCXSR SOURCE FIX\PCSX360-NEWCDR-SRC-SPU-FIXED\360\XDK\PCSXR\RELEASE_LTCG\PRIM.COD
C:\ARQUIVOS DE PROGRAMAS\CLOVIS\SOURCES\PCXSR SOURCE FIX\PCSX360-NEWCDR-SRC-SPU-FIXED\360\XDK\PCSXR\RELEASE_LTCG\SOFT.COD
C:\ARQUIVOS DE PROGRAMAS\CLOVIS\SOURCES\PCXSR SOURCE FIX\PCSX360-NEWCDR-SRC-SPU-FIXED\360\XDK\PCSXR\RELEASE_LTCG\TIME.OBJ
C:\ARQUIVOS DE PROGRAMAS\CLOVIS\SOURCES\PCXSR SOURCE FIX\PCSX360-NEWCDR-SRC-SPU-FIXED\360\XDK\PCSXR\RELEASE_LTCG\VC100.PDB
C:\ARQUIVOS DE PROGRAMAS\CLOVIS\SOURCES\PCXSR SOURCE FIX\PCSX360-NEWCDR-SRC-SPU-FIXED\360\XDK\PCSXR\RELEASE_LTCG\VIDEO.OBJ
C:\ARQUIVOS DE PROGRAMAS\CLOVIS\SOURCES\PCXSR SOURCE FIX\PCSX360-NEWCDR-SRC-SPU-FIXED\360\XDK\PCSXR\RELEASE_LTCG\XB_SYS.OBJ
C:\ARQUIVOS DE PROGRAMAS\CLOVIS\SOURCES\PCXSR SOURCE FIX\PCSX360-NEWCDR-SRC-SPU-FIXED\360\XDK\PCSXR\RELEASE_LTCG\ZN.COD
Release_LTCG\pcsxr.pdb
